2026-07-01 16:15:57,738 - INFO - watchfiles.main - 1 change detected
2026-07-01 16:15:58,966 - INFO - watchfiles.main - 2 changes detected
2026-07-01 16:15:59,971 - INFO - watchfiles.main - 1 change detected
2026-07-01 16:16:00,331 - INFO - watchfiles.main - 1 change detected
2026-07-01 16:16:00,734 - INFO - watchfiles.main - 1 change detected
2026-07-01 16:16:01,136 - INFO - watchfiles.main - 1 change detected
2026-07-01 16:16:01,494 - INFO - watchfiles.main - 5 changes detected
2026-07-01 16:16:01,848 - INFO - watchfiles.main - 1 change detected
2026-07-01 16:16:02,201 - INFO - watchfiles.main - 1 change detected
2026-07-01 16:16:02,567 - INFO - watchfiles.main - 1 change detected
2026-07-01 16:16:02,983 - INFO - watchfiles.main - 1 change detected
2026-07-01 16:16:03,416 - INFO - watchfiles.main - 1 change detected
2026-07-01 16:16:03,830 - INFO - watchfiles.main - 1 change detected
2026-07-01 16:16:04,244 - INFO - watchfiles.main - 1 change detected
2026-07-01 16:16:04,611 - INFO - watchfiles.main - 1 change detected
2026-07-01 16:16:05,014 - INFO - watchfiles.main - 1 change detected
2026-07-01 16:16:05,418 - INFO - watchfiles.main - 1 change detected
2026-07-01 16:16:05,825 - INFO - watchfiles.main - 1 change detected
2026-07-01 16:16:06,234 - INFO - watchfiles.main - 1 change detected
2026-07-01 16:16:06,643 - INFO - watchfiles.main - 1 change detected
2026-07-01 16:16:07,050 - INFO - watchfiles.main - 1 change detected
2026-07-01 16:16:07,465 - INFO - watchfiles.main - 1 change detected
2026-07-01 16:16:07,867 - INFO - watchfiles.main - 1 change detected
2026-07-01 16:16:08,228 - INFO - watchfiles.main - 1 change detected
2026-07-01 16:16:08,646 - INFO - watchfiles.main - 1 change detected
2026-07-01 16:16:09,050 - INFO - watchfiles.main - 1 change detected
2026-07-01 16:16:09,507 - INFO - watchfiles.main - 1 change detected
2026-07-01 16:16:09,862 - INFO - watchfiles.main - 1 change detected
2026-07-01 16:16:10,267 - INFO - watchfiles.main - 1 change detected
2026-07-01 16:16:10,680 - INFO - watchfiles.main - 1 change detected
2026-07-01 16:16:11,097 - INFO - watchfiles.main - 1 change detected
2026-07-01 16:16:11,502 - INFO - watchfiles.main - 1 change detected
2026-07-01 16:16:11,912 - INFO - watchfiles.main - 1 change detected
2026-07-01 16:16:12,280 - INFO - watchfiles.main - 1 change detected
2026-07-01 16:16:12,693 - INFO - watchfiles.main - 1 change detected
2026-07-01 16:16:13,099 - INFO - watchfiles.main - 1 change detected
2026-07-01 16:16:13,464 - INFO - watchfiles.main - 1 change detected
2026-07-01 16:16:13,866 - INFO - watchfiles.main - 1 change detected
2026-07-01 16:16:14,272 - INFO - watchfiles.main - 1 change detected
2026-07-01 16:16:14,685 - INFO - watchfiles.main - 1 change detected
2026-07-01 16:16:15,101 - INFO - watchfiles.main - 1 change detected
2026-07-01 16:16:15,516 - INFO - watchfiles.main - 1 change detected
2026-07-01 16:16:15,933 - INFO - watchfiles.main - 1 change detected
2026-07-01 16:16:16,345 - INFO - watchfiles.main - 1 change detected
2026-07-01 16:16:16,710 - INFO - watchfiles.main - 1 change detected
2026-07-01 16:16:17,129 - INFO - watchfiles.main - 1 change detected
2026-07-01 16:16:17,535 - INFO - watchfiles.main - 1 change detected
2026-07-01 16:16:17,937 - INFO - watchfiles.main - 1 change detected
2026-07-01 16:16:18,345 - INFO - watchfiles.main - 1 change detected
2026-07-01 16:16:18,754 - INFO - watchfiles.main - 1 change detected
2026-07-01 16:16:19,168 - INFO - watchfiles.main - 1 change detected
2026-07-01 16:16:19,583 - INFO - watchfiles.main - 1 change detected
2026-07-01 16:16:19,986 - INFO - watchfiles.main - 1 change detected
2026-07-01 16:16:20,388 - INFO - watchfiles.main - 1 change detected
2026-07-01 16:16:20,747 - INFO - watchfiles.main - 1 change detected
2026-07-01 16:16:21,163 - INFO - watchfiles.main - 1 change detected
2026-07-01 16:16:21,574 - INFO - watchfiles.main - 1 change detected
2026-07-01 16:16:21,984 - INFO - watchfiles.main - 1 change detected
2026-07-01 16:16:22,349 - INFO - watchfiles.main - 1 change detected
2026-07-01 16:16:22,759 - INFO - watchfiles.main - 1 change detected
2026-07-01 16:16:23,166 - INFO - watchfiles.main - 1 change detected
2026-07-01 16:16:23,569 - INFO - watchfiles.main - 1 change detected
2026-07-01 16:16:24,024 - INFO - watchfiles.main - 1 change detected
2026-07-01 16:16:24,435 - INFO - watchfiles.main - 1 change detected
2026-07-01 16:16:24,798 - INFO - watchfiles.main - 1 change detected
2026-07-01 16:16:25,210 - INFO - watchfiles.main - 1 change detected
2026-07-01 16:16:25,613 - INFO - watchfiles.main - 1 change detected
2026-07-01 16:16:26,018 - INFO - watchfiles.main - 1 change detected
2026-07-01 16:16:26,479 - INFO - watchfiles.main - 1 change detected
2026-07-01 16:16:26,844 - INFO - watchfiles.main - 1 change detected
2026-07-01 16:16:27,261 - INFO - watchfiles.main - 1 change detected
2026-07-01 16:16:27,666 - INFO - watchfiles.main - 1 change detected
2026-07-01 16:16:28,083 - INFO - watchfiles.main - 1 change detected
2026-07-01 16:16:28,494 - INFO - watchfiles.main - 1 change detected
2026-07-01 16:16:28,860 - INFO - watchfiles.main - 1 change detected
2026-07-01 16:16:29,266 - INFO - watchfiles.main - 1 change detected
2026-07-01 16:16:29,669 - INFO - watchfiles.main - 1 change detected
2026-07-01 16:16:30,072 - INFO - watchfiles.main - 1 change detected
2026-07-01 16:16:30,480 - INFO - watchfiles.main - 1 change detected
2026-07-01 16:16:30,884 - INFO - watchfiles.main - 1 change detected
2026-07-01 16:16:31,286 - INFO - watchfiles.main - 1 change detected
2026-07-01 16:16:31,696 - INFO - watchfiles.main - 1 change detected
2026-07-01 16:16:32,112 - INFO - watchfiles.main - 1 change detected
2026-07-01 16:16:32,485 - INFO - watchfiles.main - 1 change detected
2026-07-01 16:16:32,893 - INFO - watchfiles.main - 1 change detected
2026-07-01 16:16:33,310 - INFO - watchfiles.main - 1 change detected
2026-07-01 16:16:33,712 - INFO - watchfiles.main - 1 change detected
2026-07-01 16:16:34,117 - INFO - watchfiles.main - 1 change detected
2026-07-01 16:16:34,533 - INFO - watchfiles.main - 1 change detected
2026-07-01 16:16:34,935 - INFO - watchfiles.main - 1 change detected
2026-07-01 16:16:35,352 - INFO - watchfiles.main - 1 change detected
2026-07-01 16:16:35,753 - INFO - watchfiles.main - 1 change detected
2026-07-01 16:16:36,165 - INFO - watchfiles.main - 1 change detected
2026-07-01 16:16:36,570 - INFO - watchfiles.main - 1 change detected
2026-07-01 16:16:36,975 - INFO - watchfiles.main - 1 change detected
2026-07-01 16:16:37,378 - INFO - watchfiles.main - 1 change detected
2026-07-01 16:16:37,781 - INFO - watchfiles.main - 1 change detected
2026-07-01 16:16:38,194 - INFO - watchfiles.main - 1 change detected
2026-07-01 16:16:38,602 - INFO - watchfiles.main - 1 change detected
2026-07-01 16:16:38,967 - INFO - watchfiles.main - 1 change detected
2026-07-01 16:16:39,432 - INFO - watchfiles.main - 1 change detected
2026-07-01 16:16:39,784 - INFO - watchfiles.main - 1 change detected
2026-07-01 16:16:40,196 - INFO - watchfiles.main - 1 change detected
2026-07-01 16:16:40,614 - INFO - watchfiles.main - 1 change detected
2026-07-01 16:16:41,016 - INFO - watchfiles.main - 1 change detected
2026-07-01 16:16:41,433 - INFO - watchfiles.main - 1 change detected
2026-07-01 16:16:41,846 - INFO - watchfiles.main - 1 change detected
2026-07-01 16:16:42,263 - INFO - watchfiles.main - 1 change detected
2026-07-01 16:16:42,679 - INFO - watchfiles.main - 1 change detected
2026-07-01 16:16:43,084 - INFO - watchfiles.main - 1 change detected
2026-07-01 16:16:43,440 - INFO - watchfiles.main - 1 change detected
2026-07-01 16:16:43,852 - INFO - watchfiles.main - 1 change detected
2026-07-01 16:16:44,267 - INFO - watchfiles.main - 1 change detected
2026-07-01 16:16:44,682 - INFO - watchfiles.main - 1 change detected
2026-07-01 16:16:45,091 - INFO - watchfiles.main - 1 change detected
2026-07-01 16:16:45,446 - INFO - watchfiles.main - 1 change detected
2026-07-01 16:16:45,863 - INFO - watchfiles.main - 1 change detected
2026-07-01 16:16:46,266 - INFO - watchfiles.main - 1 change detected
2026-07-01 16:16:46,677 - INFO - watchfiles.main - 1 change detected
2026-07-01 16:16:47,082 - INFO - watchfiles.main - 1 change detected
2026-07-01 16:16:47,445 - INFO - watchfiles.main - 1 change detected
2026-07-01 16:16:47,848 - INFO - watchfiles.main - 1 change detected
2026-07-01 16:16:48,262 - INFO - watchfiles.main - 1 change detected
2026-07-01 16:16:48,668 - INFO - watchfiles.main - 1 change detected
2026-07-01 16:16:49,086 - INFO - watchfiles.main - 1 change detected
2026-07-01 16:16:49,502 - INFO - watchfiles.main - 1 change detected
2026-07-01 16:16:49,917 - INFO - watchfiles.main - 1 change detected
2026-07-01 16:16:50,329 - INFO - watchfiles.main - 1 change detected
2026-07-01 16:16:50,733 - INFO - watchfiles.main - 1 change detected
2026-07-01 16:16:51,147 - INFO - watchfiles.main - 1 change detected
2026-07-01 16:16:51,549 - INFO - watchfiles.main - 1 change detected
2026-07-01 16:16:51,960 - INFO - watchfiles.main - 1 change detected
2026-07-01 16:16:52,366 - INFO - watchfiles.main - 1 change detected
2026-07-01 16:16:52,733 - INFO - watchfiles.main - 1 change detected
2026-07-01 16:16:53,136 - INFO - watchfiles.main - 1 change detected
2026-07-01 16:16:53,539 - INFO - watchfiles.main - 1 change detected
2026-07-01 16:16:53,950 - INFO - watchfiles.main - 1 change detected
2026-07-01 16:16:54,362 - INFO - watchfiles.main - 1 change detected
2026-07-01 16:16:54,763 - INFO - watchfiles.main - 1 change detected
2026-07-01 16:16:55,167 - INFO - watchfiles.main - 1 change detected
2026-07-01 16:16:55,569 - INFO - watchfiles.main - 1 change detected
2026-07-01 16:16:55,980 - INFO - watchfiles.main - 1 change detected
2026-07-01 16:16:56,344 - INFO - watchfiles.main - 1 change detected
2026-07-01 16:16:56,747 - INFO - watchfiles.main - 1 change detected
2026-07-01 16:16:57,151 - INFO - watchfiles.main - 1 change detected
2026-07-01 16:16:57,619 - INFO - watchfiles.main - 1 change detected
2026-07-01 16:16:57,986 - INFO - watchfiles.main - 1 change detected
2026-07-01 16:16:58,398 - INFO - watchfiles.main - 1 change detected
2026-07-01 16:16:58,812 - INFO - watchfiles.main - 1 change detected
2026-07-01 16:16:59,218 - INFO - watchfiles.main - 1 change detected
2026-07-01 16:16:59,619 - INFO - watchfiles.main - 1 change detected
2026-07-01 16:17:00,022 - INFO - watchfiles.main - 1 change detected
2026-07-01 16:17:00,437 - INFO - watchfiles.main - 1 change detected
2026-07-01 16:17:00,839 - INFO - watchfiles.main - 1 change detected
2026-07-01 16:17:01,246 - INFO - watchfiles.main - 1 change detected
2026-07-01 16:17:01,653 - INFO - watchfiles.main - 1 change detected
2026-07-01 16:17:02,005 - INFO - watchfiles.main - 1 change detected
2026-07-01 16:17:02,417 - INFO - watchfiles.main - 1 change detected
2026-07-01 16:17:02,832 - INFO - watchfiles.main - 1 change detected
2026-07-01 16:17:03,196 - INFO - watchfiles.main - 1 change detected
2026-07-01 16:17:03,600 - INFO - watchfiles.main - 1 change detected
2026-07-01 16:17:04,017 - INFO - watchfiles.main - 1 change detected
2026-07-01 16:17:04,419 - INFO - watchfiles.main - 1 change detected
2026-07-01 16:17:04,831 - INFO - watchfiles.main - 1 change detected
2026-07-01 16:17:05,236 - INFO - watchfiles.main - 1 change detected
2026-07-01 16:17:05,642 - INFO - watchfiles.main - 1 change detected
2026-07-01 16:17:06,052 - INFO - watchfiles.main - 1 change detected
2026-07-01 16:17:06,460 - INFO - watchfiles.main - 1 change detected
2026-07-01 16:17:06,864 - INFO - watchfiles.main - 1 change detected
2026-07-01 16:17:07,271 - INFO - watchfiles.main - 1 change detected
2026-07-01 16:17:07,635 - INFO - watchfiles.main - 1 change detected
2026-07-01 16:17:08,047 - INFO - watchfiles.main - 1 change detected
2026-07-01 16:17:08,414 - INFO - watchfiles.main - 1 change detected
2026-07-01 16:17:08,831 - INFO - watchfiles.main - 1 change detected
2026-07-01 16:17:09,234 - INFO - watchfiles.main - 1 change detected
2026-07-01 16:17:09,590 - INFO - watchfiles.main - 1 change detected
2026-07-01 16:17:10,000 - INFO - watchfiles.main - 1 change detected
2026-07-01 16:17:10,367 - INFO - watchfiles.main - 1 change detected
2026-07-01 16:17:10,782 - INFO - watchfiles.main - 1 change detected
2026-07-01 16:17:11,197 - INFO - watchfiles.main - 1 change detected
2026-07-01 16:17:11,604 - INFO - watchfiles.main - 1 change detected
2026-07-01 16:17:12,013 - INFO - watchfiles.main - 1 change detected
2026-07-01 16:17:12,378 - INFO - watchfiles.main - 1 change detected
2026-07-01 16:17:12,794 - INFO - watchfiles.main - 1 change detected
2026-07-01 16:17:13,210 - INFO - watchfiles.main - 1 change detected
2026-07-01 16:17:13,621 - INFO - watchfiles.main - 1 change detected
2026-07-01 16:17:13,976 - INFO - watchfiles.main - 1 change detected
2026-07-01 16:17:14,379 - INFO - watchfiles.main - 1 change detected
2026-07-01 16:17:14,796 - INFO - watchfiles.main - 1 change detected
2026-07-01 16:17:15,201 - INFO - watchfiles.main - 1 change detected
2026-07-01 16:17:15,613 - INFO - watchfiles.main - 1 change detected
2026-07-01 16:17:16,027 - INFO - watchfiles.main - 1 change detected
2026-07-01 16:17:16,430 - INFO - watchfiles.main - 1 change detected
2026-07-01 16:17:16,846 - INFO - watchfiles.main - 1 change detected
2026-07-01 16:17:17,210 - INFO - watchfiles.main - 1 change detected
2026-07-01 16:17:17,614 - INFO - watchfiles.main - 1 change detected
2026-07-01 16:17:18,030 - INFO - watchfiles.main - 1 change detected
2026-07-01 16:17:18,446 - INFO - watchfiles.main - 1 change detected
2026-07-01 16:17:18,811 - INFO - watchfiles.main - 1 change detected
2026-07-01 16:17:19,228 - INFO - watchfiles.main - 1 change detected
2026-07-01 16:17:19,644 - INFO - watchfiles.main - 1 change detected
2026-07-01 16:17:20,047 - INFO - watchfiles.main - 1 change detected
2026-07-01 16:17:20,451 - INFO - watchfiles.main - 1 change detected
2026-07-01 16:17:20,862 - INFO - watchfiles.main - 1 change detected
2026-07-01 16:17:21,266 - INFO - watchfiles.main - 1 change detected
2026-07-01 16:17:21,679 - INFO - watchfiles.main - 1 change detected
2026-07-01 16:17:22,084 - INFO - watchfiles.main - 1 change detected
2026-07-01 16:17:22,500 - INFO - watchfiles.main - 1 change detected
2026-07-01 16:17:22,902 - INFO - watchfiles.main - 1 change detected
2026-07-01 16:17:23,308 - INFO - watchfiles.main - 1 change detected
2026-07-01 16:17:23,670 - INFO - watchfiles.main - 1 change detected
2026-07-01 16:17:24,072 - INFO - watchfiles.main - 1 change detected
2026-07-01 16:17:24,533 - INFO - watchfiles.main - 1 change detected
2026-07-01 16:17:24,936 - INFO - watchfiles.main - 1 change detected
2026-07-01 16:17:25,346 - INFO - watchfiles.main - 1 change detected
2026-07-01 16:17:25,698 - INFO - watchfiles.main - 1 change detected
2026-07-01 16:17:26,100 - INFO - watchfiles.main - 1 change detected
2026-07-01 16:17:26,518 - INFO - watchfiles.main - 1 change detected
2026-07-01 16:17:26,876 - INFO - watchfiles.main - 1 change detected
2026-07-01 16:17:27,280 - INFO - watchfiles.main - 1 change detected
2026-07-01 16:17:27,696 - INFO - watchfiles.main - 1 change detected
2026-07-01 16:17:28,101 - INFO - watchfiles.main - 1 change detected
2026-07-01 16:17:28,512 - INFO - watchfiles.main - 1 change detected
2026-07-01 16:17:28,928 - INFO - watchfiles.main - 1 change detected
2026-07-01 16:17:29,335 - INFO - watchfiles.main - 1 change detected
2026-07-01 16:17:29,745 - INFO - watchfiles.main - 1 change detected
2026-07-01 16:17:30,107 - INFO - watchfiles.main - 1 change detected
2026-07-01 16:17:30,516 - INFO - watchfiles.main - 1 change detected
2026-07-01 16:17:30,922 - INFO - watchfiles.main - 1 change detected
2026-07-01 16:17:31,330 - INFO - watchfiles.main - 1 change detected
2026-07-01 16:17:31,734 - INFO - watchfiles.main - 1 change detected
2026-07-01 16:17:32,136 - INFO - watchfiles.main - 1 change detected
2026-07-01 16:17:32,552 - INFO - watchfiles.main - 1 change detected
2026-07-01 16:17:32,917 - INFO - watchfiles.main - 1 change detected
2026-07-01 16:17:33,318 - INFO - watchfiles.main - 1 change detected
2026-07-01 16:17:33,720 - INFO - watchfiles.main - 1 change detected
2026-07-01 16:17:34,123 - INFO - watchfiles.main - 1 change detected
2026-07-01 16:17:34,539 - INFO - watchfiles.main - 1 change detected
2026-07-01 16:17:34,944 - INFO - watchfiles.main - 1 change detected
2026-07-01 16:17:35,303 - INFO - watchfiles.main - 1 change detected
2026-07-01 16:17:35,720 - INFO - watchfiles.main - 1 change detected
2026-07-01 16:17:36,134 - INFO - watchfiles.main - 1 change detected
2026-07-01 16:17:36,538 - INFO - watchfiles.main - 1 change detected
2026-07-01 16:17:36,947 - INFO - watchfiles.main - 1 change detected
2026-07-01 16:17:37,349 - INFO - watchfiles.main - 1 change detected
2026-07-01 16:17:37,753 - INFO - watchfiles.main - 1 change detected
2026-07-01 16:17:38,131 - INFO - watchfiles.main - 1 change detected
2026-07-01 16:17:38,550 - INFO - watchfiles.main - 1 change detected
2026-07-01 16:17:38,961 - INFO - watchfiles.main - 1 change detected
2026-07-01 16:17:39,316 - INFO - watchfiles.main - 1 change detected
2026-07-01 16:17:39,719 - INFO - watchfiles.main - 1 change detected
2026-07-01 16:17:40,120 - INFO - watchfiles.main - 1 change detected
2026-07-01 16:17:40,522 - INFO - watchfiles.main - 1 change detected
2026-07-01 16:17:40,933 - INFO - watchfiles.main - 1 change detected
2026-07-01 16:17:41,290 - INFO - watchfiles.main - 1 change detected
2026-07-01 16:17:41,701 - INFO - watchfiles.main - 1 change detected
2026-07-01 16:17:42,104 - INFO - watchfiles.main - 1 change detected
2026-07-01 16:17:42,513 - INFO - watchfiles.main - 1 change detected
2026-07-01 16:17:42,935 - INFO - watchfiles.main - 1 change detected
2026-07-01 16:17:43,288 - INFO - watchfiles.main - 1 change detected
2026-07-01 16:17:43,701 - INFO - watchfiles.main - 1 change detected
2026-07-01 16:17:44,104 - INFO - watchfiles.main - 1 change detected
2026-07-01 16:17:44,513 - INFO - watchfiles.main - 1 change detected
2026-07-01 16:17:44,922 - INFO - watchfiles.main - 2 changes detected
2026-07-01 16:17:46,438 - INFO - watchfiles.main - 1 change detected
2026-07-01 16:17:47,257 - INFO - watchfiles.main - 1 change detected
2026-07-01 16:17:47,617 - INFO - watchfiles.main - 1 change detected
2026-07-01 16:17:47,982 - INFO - watchfiles.main - 1 change detected
2026-07-01 16:17:48,336 - INFO - watchfiles.main - 5 changes detected
2026-07-01 16:17:48,689 - INFO - watchfiles.main - 1 change detected
2026-07-01 16:17:49,050 - INFO - watchfiles.main - 1 change detected
2026-07-01 16:17:49,404 - INFO - watchfiles.main - 1 change detected
2026-07-01 16:17:49,768 - INFO - watchfiles.main - 1 change detected
2026-07-01 16:17:50,172 - INFO - watchfiles.main - 1 change detected
2026-07-01 16:17:50,525 - INFO - watchfiles.main - 1 change detected
2026-07-01 16:17:50,936 - INFO - watchfiles.main - 1 change detected
2026-07-01 16:17:51,344 - INFO - watchfiles.main - 1 change detected
2026-07-01 16:17:51,752 - INFO - watchfiles.main - 1 change detected
2026-07-01 16:17:52,161 - INFO - watchfiles.main - 1 change detected
2026-07-01 16:17:52,564 - INFO - watchfiles.main - 1 change detected
2026-07-01 16:17:52,970 - INFO - watchfiles.main - 1 change detected
2026-07-01 16:17:53,386 - INFO - watchfiles.main - 1 change detected
2026-07-01 16:17:53,752 - INFO - watchfiles.main - 1 change detected
2026-07-01 16:17:54,158 - INFO - watchfiles.main - 1 change detected
2026-07-01 16:17:54,610 - INFO - watchfiles.main - 1 change detected
2026-07-01 16:17:54,970 - INFO - watchfiles.main - 1 change detected
2026-07-01 16:17:55,372 - INFO - watchfiles.main - 1 change detected
2026-07-01 16:17:55,829 - INFO - watchfiles.main - 1 change detected
2026-07-01 16:17:56,195 - INFO - watchfiles.main - 1 change detected
2026-07-01 16:17:56,608 - INFO - watchfiles.main - 1 change detected
2026-07-01 16:17:57,020 - INFO - watchfiles.main - 1 change detected
2026-07-01 16:17:57,384 - INFO - watchfiles.main - 1 change detected
2026-07-01 16:17:57,797 - INFO - watchfiles.main - 1 change detected
2026-07-01 16:17:58,204 - INFO - watchfiles.main - 1 change detected
2026-07-01 16:17:58,620 - INFO - watchfiles.main - 1 change detected
2026-07-01 16:17:59,030 - INFO - watchfiles.main - 1 change detected
2026-07-01 16:17:59,440 - INFO - watchfiles.main - 1 change detected
2026-07-01 16:17:59,797 - INFO - watchfiles.main - 1 change detected
2026-07-01 16:18:00,211 - INFO - watchfiles.main - 1 change detected
2026-07-01 16:18:00,621 - INFO - watchfiles.main - 1 change detected
2026-07-01 16:18:01,031 - INFO - watchfiles.main - 1 change detected
2026-07-01 16:18:01,435 - INFO - watchfiles.main - 1 change detected
2026-07-01 16:18:01,851 - INFO - watchfiles.main - 1 change detected
2026-07-01 16:18:02,256 - INFO - watchfiles.main - 1 change detected
2026-07-01 16:18:02,663 - INFO - watchfiles.main - 1 change detected
2026-07-01 16:18:03,070 - INFO - watchfiles.main - 1 change detected
2026-07-01 16:18:03,484 - INFO - watchfiles.main - 1 change detected
2026-07-01 16:18:03,887 - INFO - watchfiles.main - 1 change detected
2026-07-01 16:18:04,299 - INFO - watchfiles.main - 1 change detected
2026-07-01 16:18:04,704 - INFO - watchfiles.main - 1 change detected
2026-07-01 16:18:05,116 - INFO - watchfiles.main - 1 change detected
2026-07-01 16:18:05,518 - INFO - watchfiles.main - 1 change detected
2026-07-01 16:18:05,920 - INFO - watchfiles.main - 1 change detected
2026-07-01 16:18:06,332 - INFO - watchfiles.main - 1 change detected
2026-07-01 16:18:06,686 - INFO - watchfiles.main - 1 change detected
2026-07-01 16:18:07,100 - INFO - watchfiles.main - 1 change detected
2026-07-01 16:18:07,521 - INFO - watchfiles.main - 1 change detected
2026-07-01 16:18:07,924 - INFO - watchfiles.main - 1 change detected
2026-07-01 16:18:08,327 - INFO - watchfiles.main - 1 change detected
2026-07-01 16:18:08,731 - INFO - watchfiles.main - 1 change detected
2026-07-01 16:18:09,136 - INFO - watchfiles.main - 1 change detected
2026-07-01 16:18:09,547 - INFO - watchfiles.main - 1 change detected
2026-07-01 16:18:09,963 - INFO - watchfiles.main - 1 change detected
2026-07-01 16:18:10,380 - INFO - watchfiles.main - 1 change detected
2026-07-01 16:18:10,788 - INFO - watchfiles.main - 1 change detected
2026-07-01 16:18:11,201 - INFO - watchfiles.main - 1 change detected
2026-07-01 16:18:11,605 - INFO - watchfiles.main - 1 change detected
2026-07-01 16:18:12,006 - INFO - watchfiles.main - 1 change detected
2026-07-01 16:18:12,420 - INFO - watchfiles.main - 1 change detected
2026-07-01 16:18:12,830 - INFO - watchfiles.main - 1 change detected
2026-07-01 16:18:13,236 - INFO - watchfiles.main - 1 change detected
2026-07-01 16:18:13,648 - INFO - watchfiles.main - 1 change detected
2026-07-01 16:18:14,055 - INFO - watchfiles.main - 1 change detected
2026-07-01 16:18:14,461 - INFO - watchfiles.main - 1 change detected
2026-07-01 16:18:14,876 - INFO - watchfiles.main - 1 change detected
2026-07-01 16:18:15,286 - INFO - watchfiles.main - 1 change detected
2026-07-01 16:18:15,642 - INFO - watchfiles.main - 1 change detected
2026-07-01 16:18:16,054 - INFO - watchfiles.main - 1 change detected
2026-07-01 16:18:16,470 - INFO - watchfiles.main - 1 change detected
2026-07-01 16:18:16,875 - INFO - watchfiles.main - 1 change detected
2026-07-01 16:18:17,288 - INFO - watchfiles.main - 1 change detected
2026-07-01 16:18:17,706 - INFO - watchfiles.main - 1 change detected
2026-07-01 16:18:18,122 - INFO - watchfiles.main - 1 change detected
2026-07-01 16:18:18,527 - INFO - watchfiles.main - 1 change detected
2026-07-01 16:18:18,939 - INFO - watchfiles.main - 1 change detected
2026-07-01 16:18:19,355 - INFO - watchfiles.main - 1 change detected
2026-07-01 16:18:19,720 - INFO - watchfiles.main - 1 change detected
2026-07-01 16:18:20,123 - INFO - watchfiles.main - 1 change detected
2026-07-01 16:18:20,583 - INFO - watchfiles.main - 1 change detected
2026-07-01 16:18:20,988 - INFO - watchfiles.main - 1 change detected
2026-07-01 16:18:21,404 - INFO - watchfiles.main - 1 change detected
2026-07-01 16:18:21,806 - INFO - watchfiles.main - 1 change detected
2026-07-01 16:18:22,222 - INFO - watchfiles.main - 1 change detected
2026-07-01 16:18:22,637 - INFO - watchfiles.main - 1 change detected
2026-07-01 16:18:23,055 - INFO - watchfiles.main - 1 change detected
2026-07-01 16:18:23,410 - INFO - watchfiles.main - 1 change detected
2026-07-01 16:18:23,821 - INFO - watchfiles.main - 1 change detected
2026-07-01 16:18:24,237 - INFO - watchfiles.main - 1 change detected
2026-07-01 16:18:24,640 - INFO - watchfiles.main - 1 change detected
2026-07-01 16:18:25,043 - INFO - watchfiles.main - 1 change detected
2026-07-01 16:18:25,451 - INFO - watchfiles.main - 1 change detected
2026-07-01 16:18:25,853 - INFO - watchfiles.main - 1 change detected
2026-07-01 16:18:26,270 - INFO - watchfiles.main - 1 change detected
2026-07-01 16:18:26,735 - INFO - watchfiles.main - 1 change detected
2026-07-01 16:18:27,138 - INFO - watchfiles.main - 1 change detected
2026-07-01 16:18:27,505 - INFO - watchfiles.main - 1 change detected
2026-07-01 16:18:27,920 - INFO - watchfiles.main - 1 change detected
2026-07-01 16:18:28,324 - INFO - watchfiles.main - 1 change detected
2026-07-01 16:18:28,729 - INFO - watchfiles.main - 1 change detected
2026-07-01 16:18:29,138 - INFO - watchfiles.main - 1 change detected
2026-07-01 16:18:29,540 - INFO - watchfiles.main - 1 change detected
2026-07-01 16:18:29,954 - INFO - watchfiles.main - 1 change detected
2026-07-01 16:18:30,363 - INFO - watchfiles.main - 1 change detected
2026-07-01 16:18:30,771 - INFO - watchfiles.main - 1 change detected
2026-07-01 16:18:31,137 - INFO - watchfiles.main - 1 change detected
2026-07-01 16:18:31,553 - INFO - watchfiles.main - 1 change detected
2026-07-01 16:18:31,956 - INFO - watchfiles.main - 1 change detected
2026-07-01 16:27:59,911 - INFO - watchfiles.main - 1 change detected
2026-07-01 16:28:01,133 - INFO - watchfiles.main - 1 change detected
2026-07-01 16:28:02,100 - INFO - watchfiles.main - 1 change detected
2026-07-01 16:28:02,453 - INFO - watchfiles.main - 1 change detected
2026-07-01 16:28:02,865 - INFO - watchfiles.main - 1 change detected
2026-07-01 16:28:03,217 - INFO - watchfiles.main - 5 changes detected
2026-07-01 16:28:03,569 - INFO - watchfiles.main - 1 change detected
2026-07-01 16:28:03,934 - INFO - watchfiles.main - 1 change detected
2026-07-01 16:28:04,286 - INFO - watchfiles.main - 1 change detected
2026-07-01 16:28:04,651 - INFO - watchfiles.main - 1 change detected
2026-07-01 16:28:05,002 - INFO - watchfiles.main - 1 change detected
2026-07-01 16:28:05,469 - INFO - watchfiles.main - 1 change detected
2026-07-01 16:28:05,834 - INFO - watchfiles.main - 1 change detected
2026-07-01 16:28:06,239 - INFO - watchfiles.main - 1 change detected
2026-07-01 16:28:06,651 - INFO - watchfiles.main - 1 change detected
2026-07-01 16:28:07,054 - INFO - watchfiles.main - 1 change detected
2026-07-01 16:28:07,419 - INFO - watchfiles.main - 1 change detected
2026-07-01 16:28:07,823 - INFO - watchfiles.main - 1 change detected
2026-07-01 16:28:08,236 - INFO - watchfiles.main - 1 change detected
2026-07-01 16:36:07,668 - INFO - watchfiles.main - 3 changes detected
2026-07-01 16:41:13,431 - INFO - watchfiles.main - 1 change detected
2026-07-01 16:41:14,771 - INFO - watchfiles.main - 1 change detected
2026-07-01 16:41:15,645 - INFO - watchfiles.main - 1 change detected
2026-07-01 16:41:16,000 - INFO - watchfiles.main - 1 change detected
2026-07-01 16:41:16,403 - INFO - watchfiles.main - 1 change detected
2026-07-01 16:41:16,949 - INFO - watchfiles.main - 6 changes detected
2026-07-01 16:41:17,353 - INFO - watchfiles.main - 1 change detected
2026-07-01 16:41:17,755 - INFO - watchfiles.main - 1 change detected
2026-07-01 16:41:18,171 - INFO - watchfiles.main - 1 change detected
2026-07-01 16:41:18,573 - INFO - watchfiles.main - 1 change detected
2026-07-01 16:41:18,983 - INFO - watchfiles.main - 1 change detected
2026-07-01 16:41:19,394 - INFO - watchfiles.main - 1 change detected
2026-07-01 16:41:19,796 - INFO - watchfiles.main - 1 change detected
2026-07-01 16:41:20,206 - INFO - watchfiles.main - 1 change detected
2026-07-01 16:41:20,572 - INFO - watchfiles.main - 1 change detected
2026-07-01 16:41:20,973 - INFO - watchfiles.main - 1 change detected
2026-07-01 16:41:21,390 - INFO - watchfiles.main - 1 change detected
2026-07-01 16:41:21,793 - INFO - watchfiles.main - 1 change detected
2026-07-01 16:41:22,206 - INFO - watchfiles.main - 1 change detected
2026-07-01 16:41:22,621 - INFO - watchfiles.main - 1 change detected
2026-07-01 16:41:22,984 - INFO - watchfiles.main - 1 change detected
2026-07-01 16:41:23,388 - INFO - watchfiles.main - 1 change detected
2026-07-01 16:41:23,852 - INFO - watchfiles.main - 1 change detected
2026-07-01 16:41:24,205 - INFO - watchfiles.main - 1 change detected
2026-07-01 16:41:24,620 - INFO - watchfiles.main - 1 change detected
2026-07-01 16:41:25,026 - INFO - watchfiles.main - 1 change detected
2026-07-01 16:41:25,442 - INFO - watchfiles.main - 1 change detected
2026-07-01 16:41:25,800 - INFO - watchfiles.main - 1 change detected
2026-07-01 16:41:26,203 - INFO - watchfiles.main - 1 change detected
2026-07-01 16:41:26,619 - INFO - watchfiles.main - 1 change detected
2026-07-01 16:41:26,985 - INFO - watchfiles.main - 1 change detected
2026-07-01 16:41:27,393 - INFO - watchfiles.main - 1 change detected
2026-07-01 16:41:27,796 - INFO - watchfiles.main - 1 change detected
2026-07-01 16:41:28,210 - INFO - watchfiles.main - 1 change detected
2026-07-01 16:41:28,614 - INFO - watchfiles.main - 1 change detected
2026-07-01 16:41:29,020 - INFO - watchfiles.main - 1 change detected
2026-07-01 16:41:29,432 - INFO - watchfiles.main - 1 change detected
2026-07-01 16:41:29,844 - INFO - watchfiles.main - 1 change detected
2026-07-01 16:41:30,247 - INFO - watchfiles.main - 1 change detected
2026-07-01 16:41:30,651 - INFO - watchfiles.main - 1 change detected
2026-07-01 16:41:31,063 - INFO - watchfiles.main - 1 change detected
2026-07-01 16:41:31,418 - INFO - watchfiles.main - 1 change detected
2026-07-01 16:41:31,820 - INFO - watchfiles.main - 1 change detected
2026-07-01 16:41:32,224 - INFO - watchfiles.main - 1 change detected
2026-07-01 16:41:32,636 - INFO - watchfiles.main - 1 change detected
2026-07-01 16:41:33,003 - INFO - watchfiles.main - 1 change detected
2026-07-01 16:41:33,419 - INFO - watchfiles.main - 1 change detected
2026-07-01 16:41:33,821 - INFO - watchfiles.main - 1 change detected
2026-07-01 16:41:34,236 - INFO - watchfiles.main - 1 change detected
2026-07-01 16:41:34,638 - INFO - watchfiles.main - 1 change detected
2026-07-01 16:43:25,531 - WARNING - passlib.handlers.bcrypt - (trapped) error reading bcrypt version
Traceback (most recent call last):
  File "C:\Users\124605\judgment-backend\venv\Lib\site-packages\passlib\handlers\bcrypt.py", line 620, in _load_backend_mixin
    version = _bcrypt.__about__.__version__
              ^^^^^^^^^^^^^^^^^
AttributeError: module 'bcrypt' has no attribute '__about__'
2026-07-01 16:45:43,852 - INFO - watchfiles.main - 1 change detected
2026-07-01 16:45:45,238 - INFO - watchfiles.main - 1 change detected
2026-07-01 16:45:46,156 - INFO - watchfiles.main - 1 change detected
2026-07-01 16:45:46,509 - INFO - watchfiles.main - 1 change detected
2026-07-01 16:45:46,880 - INFO - watchfiles.main - 1 change detected
2026-07-01 16:45:47,261 - INFO - watchfiles.main - 5 changes detected
2026-07-01 16:45:47,625 - INFO - watchfiles.main - 1 change detected
2026-07-01 16:45:47,976 - INFO - watchfiles.main - 1 change detected
2026-07-01 16:45:48,336 - INFO - watchfiles.main - 1 change detected
2026-07-01 16:45:48,688 - INFO - watchfiles.main - 1 change detected
2026-07-01 16:45:49,142 - INFO - watchfiles.main - 1 change detected
2026-07-01 16:45:49,510 - INFO - watchfiles.main - 1 change detected
2026-07-01 16:45:49,926 - INFO - watchfiles.main - 1 change detected
2026-07-01 16:45:50,336 - INFO - watchfiles.main - 1 change detected
2026-07-01 16:45:50,742 - INFO - watchfiles.main - 1 change detected
2026-07-01 16:45:51,144 - INFO - watchfiles.main - 1 change detected
2026-07-01 16:45:51,558 - INFO - watchfiles.main - 1 change detected
2026-07-01 16:45:51,968 - INFO - watchfiles.main - 1 change detected
2026-07-01 16:45:52,376 - INFO - watchfiles.main - 1 change detected
2026-07-01 16:45:52,791 - INFO - watchfiles.main - 1 change detected
2026-07-01 16:45:53,194 - INFO - watchfiles.main - 1 change detected
2026-07-01 16:45:53,602 - INFO - watchfiles.main - 1 change detected
2026-07-01 16:45:54,018 - INFO - watchfiles.main - 1 change detected
2026-07-01 16:45:54,425 - INFO - watchfiles.main - 1 change detected
2026-07-01 16:45:54,786 - INFO - watchfiles.main - 1 change detected
2026-07-01 16:45:55,198 - INFO - watchfiles.main - 1 change detected
2026-07-01 16:45:55,611 - INFO - watchfiles.main - 1 change detected
2026-07-01 16:45:56,027 - INFO - watchfiles.main - 1 change detected
2026-07-01 16:45:56,380 - INFO - watchfiles.main - 1 change detected
2026-07-01 16:45:56,796 - INFO - watchfiles.main - 1 change detected
2026-07-01 16:45:57,199 - INFO - watchfiles.main - 1 change detected
2026-07-01 16:45:57,659 - INFO - watchfiles.main - 1 change detected
2026-07-01 16:45:58,019 - INFO - watchfiles.main - 1 change detected
2026-07-01 16:45:58,436 - INFO - watchfiles.main - 1 change detected
2026-07-01 16:45:58,844 - INFO - watchfiles.main - 1 change detected
2026-07-01 16:45:59,258 - INFO - watchfiles.main - 1 change detected
2026-07-01 16:45:59,674 - INFO - watchfiles.main - 1 change detected
2026-07-01 16:46:00,076 - INFO - watchfiles.main - 1 change detected
2026-07-01 16:46:00,536 - INFO - watchfiles.main - 1 change detected
2026-07-01 16:46:00,899 - INFO - watchfiles.main - 1 change detected
2026-07-01 16:46:01,307 - INFO - watchfiles.main - 1 change detected
2026-07-01 16:46:01,724 - INFO - watchfiles.main - 1 change detected
2026-07-01 16:46:02,133 - INFO - watchfiles.main - 1 change detected
2026-07-01 16:46:02,544 - INFO - watchfiles.main - 1 change detected
2026-07-01 16:46:02,904 - INFO - watchfiles.main - 1 change detected
2026-07-01 16:46:03,357 - INFO - watchfiles.main - 1 change detected
2026-07-01 16:46:03,760 - INFO - watchfiles.main - 1 change detected
2026-07-01 16:46:04,120 - INFO - watchfiles.main - 1 change detected
2026-07-01 16:46:04,534 - INFO - watchfiles.main - 1 change detected
2026-07-01 16:46:04,942 - INFO - watchfiles.main - 1 change detected
2026-07-01 16:46:05,359 - INFO - watchfiles.main - 1 change detected
2026-07-01 16:46:05,777 - INFO - watchfiles.main - 1 change detected
2026-07-01 16:46:06,142 - INFO - watchfiles.main - 1 change detected
2026-07-01 16:46:06,544 - INFO - watchfiles.main - 1 change detected
2026-07-01 16:46:06,959 - INFO - watchfiles.main - 1 change detected
2026-07-01 16:46:07,361 - INFO - watchfiles.main - 1 change detected
2026-07-01 16:46:07,775 - INFO - watchfiles.main - 1 change detected
2026-07-01 16:46:08,190 - INFO - watchfiles.main - 1 change detected
2026-07-01 16:46:08,595 - INFO - watchfiles.main - 1 change detected
2026-07-01 16:46:08,959 - INFO - watchfiles.main - 1 change detected
2026-07-01 16:46:09,371 - INFO - watchfiles.main - 1 change detected
2026-07-01 16:46:09,794 - INFO - watchfiles.main - 1 change detected
2026-07-01 16:46:10,209 - INFO - watchfiles.main - 1 change detected
2026-07-01 16:46:10,611 - INFO - watchfiles.main - 1 change detected
2026-07-01 16:46:11,027 - INFO - watchfiles.main - 1 change detected
2026-07-01 16:46:11,392 - INFO - watchfiles.main - 1 change detected
2026-07-01 16:46:11,807 - INFO - watchfiles.main - 1 change detected
2026-07-01 16:46:12,210 - INFO - watchfiles.main - 1 change detected
2026-07-01 16:46:12,624 - INFO - watchfiles.main - 1 change detected
2026-07-01 16:46:13,026 - INFO - watchfiles.main - 1 change detected
2026-07-01 16:46:13,432 - INFO - watchfiles.main - 1 change detected
2026-07-01 16:46:13,843 - INFO - watchfiles.main - 1 change detected
2026-07-01 16:46:14,245 - INFO - watchfiles.main - 1 change detected
2026-07-01 16:46:14,660 - INFO - watchfiles.main - 1 change detected
2026-07-01 16:46:15,014 - INFO - watchfiles.main - 1 change detected
2026-07-01 16:46:15,427 - INFO - watchfiles.main - 1 change detected
2026-07-01 16:46:15,845 - INFO - watchfiles.main - 1 change detected
2026-07-01 16:46:16,211 - INFO - watchfiles.main - 1 change detected
2026-07-01 16:46:16,617 - INFO - watchfiles.main - 1 change detected
2026-07-01 16:46:17,027 - INFO - watchfiles.main - 1 change detected
2026-07-01 16:46:17,442 - INFO - watchfiles.main - 1 change detected
2026-07-01 16:46:17,806 - INFO - watchfiles.main - 1 change detected
2026-07-01 16:46:18,211 - INFO - watchfiles.main - 1 change detected
2026-07-01 16:46:18,618 - INFO - watchfiles.main - 1 change detected
2026-07-01 16:46:19,027 - INFO - watchfiles.main - 1 change detected
2026-07-01 16:46:19,433 - INFO - watchfiles.main - 1 change detected
2026-07-01 16:46:19,835 - INFO - watchfiles.main - 1 change detected
2026-07-01 16:46:20,243 - INFO - watchfiles.main - 1 change detected
2026-07-01 16:46:20,609 - INFO - watchfiles.main - 1 change detected
2026-07-01 16:46:21,070 - INFO - watchfiles.main - 1 change detected
2026-07-01 16:46:21,472 - INFO - watchfiles.main - 1 change detected
2026-07-01 16:46:21,878 - INFO - watchfiles.main - 1 change detected
2026-07-01 16:46:22,245 - INFO - watchfiles.main - 1 change detected
2026-07-01 16:46:22,658 - INFO - watchfiles.main - 1 change detected
2026-07-01 16:46:23,075 - INFO - watchfiles.main - 1 change detected
2026-07-01 16:46:23,490 - INFO - watchfiles.main - 1 change detected
2026-07-01 16:46:23,895 - INFO - watchfiles.main - 1 change detected
2026-07-01 16:46:24,311 - INFO - watchfiles.main - 1 change detected
2026-07-01 16:46:24,670 - INFO - watchfiles.main - 1 change detected
2026-07-01 16:46:25,071 - INFO - watchfiles.main - 1 change detected
2026-07-01 16:46:25,477 - INFO - watchfiles.main - 1 change detected
2026-07-01 16:46:25,941 - INFO - watchfiles.main - 1 change detected
2026-07-01 16:46:26,357 - INFO - watchfiles.main - 1 change detected
2026-07-01 16:46:26,720 - INFO - watchfiles.main - 1 change detected
2026-07-01 16:46:27,126 - INFO - watchfiles.main - 1 change detected
2026-07-01 16:46:27,537 - INFO - watchfiles.main - 1 change detected
2026-07-01 16:46:27,952 - INFO - watchfiles.main - 1 change detected
2026-07-01 16:46:28,357 - INFO - watchfiles.main - 1 change detected
2026-07-01 16:46:28,760 - INFO - watchfiles.main - 1 change detected
2026-07-01 16:46:29,172 - INFO - watchfiles.main - 1 change detected
2026-07-01 16:46:29,588 - INFO - watchfiles.main - 1 change detected
2026-07-01 16:46:29,989 - INFO - watchfiles.main - 1 change detected
2026-07-01 16:46:30,392 - INFO - watchfiles.main - 1 change detected
2026-07-01 16:46:30,804 - INFO - watchfiles.main - 1 change detected
2026-07-01 16:46:31,170 - INFO - watchfiles.main - 1 change detected
2026-07-01 16:46:31,588 - INFO - watchfiles.main - 1 change detected
2026-07-01 16:46:31,990 - INFO - watchfiles.main - 1 change detected
2026-07-01 16:46:32,393 - INFO - watchfiles.main - 1 change detected
2026-07-01 16:46:32,795 - INFO - watchfiles.main - 1 change detected
2026-07-01 16:46:33,208 - INFO - watchfiles.main - 1 change detected
2026-07-01 16:46:33,626 - INFO - watchfiles.main - 1 change detected
2026-07-01 16:46:34,040 - INFO - watchfiles.main - 1 change detected
2026-07-01 16:46:34,457 - INFO - watchfiles.main - 1 change detected
2026-07-01 16:46:34,859 - INFO - watchfiles.main - 1 change detected
2026-07-01 16:46:35,261 - INFO - watchfiles.main - 1 change detected
2026-07-01 16:46:35,671 - INFO - watchfiles.main - 1 change detected
2026-07-01 16:46:36,076 - INFO - watchfiles.main - 1 change detected
2026-07-01 16:46:36,437 - INFO - watchfiles.main - 1 change detected
2026-07-01 16:46:36,843 - INFO - watchfiles.main - 1 change detected
2026-07-01 16:46:37,255 - INFO - watchfiles.main - 1 change detected
2026-07-01 16:46:37,660 - INFO - watchfiles.main - 1 change detected
2026-07-01 16:46:38,121 - INFO - watchfiles.main - 1 change detected
2026-07-01 16:46:38,488 - INFO - watchfiles.main - 1 change detected
2026-07-01 16:46:38,892 - INFO - watchfiles.main - 1 change detected
2026-07-01 16:46:39,296 - INFO - watchfiles.main - 1 change detected
2026-07-01 16:46:39,700 - INFO - watchfiles.main - 1 change detected
2026-07-01 16:46:40,110 - INFO - watchfiles.main - 1 change detected
2026-07-01 16:46:40,470 - INFO - watchfiles.main - 1 change detected
2026-07-01 16:46:40,877 - INFO - watchfiles.main - 1 change detected
2026-07-01 16:46:41,278 - INFO - watchfiles.main - 1 change detected
2026-07-01 16:46:41,744 - INFO - watchfiles.main - 1 change detected
2026-07-01 16:46:42,110 - INFO - watchfiles.main - 1 change detected
2026-07-01 16:46:42,524 - INFO - watchfiles.main - 1 change detected
2026-07-01 16:46:42,927 - INFO - watchfiles.main - 1 change detected
2026-07-01 16:46:43,343 - INFO - watchfiles.main - 1 change detected
2026-07-01 16:46:43,755 - INFO - watchfiles.main - 1 change detected
2026-07-01 16:46:44,161 - INFO - watchfiles.main - 1 change detected
2026-07-01 16:46:44,577 - INFO - watchfiles.main - 1 change detected
2026-07-01 16:46:44,985 - INFO - watchfiles.main - 1 change detected
2026-07-01 16:46:45,394 - INFO - watchfiles.main - 1 change detected
2026-07-01 16:46:45,752 - INFO - watchfiles.main - 1 change detected
2026-07-01 16:46:46,155 - INFO - watchfiles.main - 1 change detected
2026-07-01 16:46:46,560 - INFO - watchfiles.main - 1 change detected
2026-07-01 16:46:46,974 - INFO - watchfiles.main - 1 change detected
2026-07-01 16:46:47,386 - INFO - watchfiles.main - 1 change detected
2026-07-01 16:46:47,794 - INFO - watchfiles.main - 1 change detected
2026-07-01 16:46:48,204 - INFO - watchfiles.main - 1 change detected
2026-07-01 16:46:48,570 - INFO - watchfiles.main - 1 change detected
2026-07-01 16:46:48,986 - INFO - watchfiles.main - 1 change detected
2026-07-01 16:46:49,394 - INFO - watchfiles.main - 1 change detected
2026-07-01 16:46:49,754 - INFO - watchfiles.main - 1 change detected
2026-07-01 16:46:50,215 - INFO - watchfiles.main - 1 change detected
2026-07-01 16:46:50,625 - INFO - watchfiles.main - 1 change detected
2026-07-01 16:46:51,027 - INFO - watchfiles.main - 1 change detected
2026-07-01 16:46:51,433 - INFO - watchfiles.main - 1 change detected
2026-07-01 16:46:51,895 - INFO - watchfiles.main - 1 change detected
2026-07-01 16:46:52,260 - INFO - watchfiles.main - 1 change detected
2026-07-01 16:46:52,671 - INFO - watchfiles.main - 1 change detected
2026-07-01 16:46:53,081 - INFO - watchfiles.main - 1 change detected
2026-07-01 16:46:53,493 - INFO - watchfiles.main - 1 change detected
2026-07-01 16:46:53,907 - INFO - watchfiles.main - 1 change detected
2026-07-01 16:46:54,311 - INFO - watchfiles.main - 1 change detected
2026-07-01 16:46:54,713 - INFO - watchfiles.main - 1 change detected
2026-07-01 16:46:55,126 - INFO - watchfiles.main - 1 change detected
2026-07-01 16:46:55,530 - INFO - watchfiles.main - 1 change detected
2026-07-01 16:46:55,931 - INFO - watchfiles.main - 1 change detected
2026-07-01 16:46:56,296 - INFO - watchfiles.main - 1 change detected
2026-07-01 16:46:56,710 - INFO - watchfiles.main - 1 change detected
2026-07-01 16:46:57,579 - INFO - watchfiles.main - 1 change detected
2026-07-01 16:46:57,942 - INFO - watchfiles.main - 1 change detected
2026-07-01 16:46:58,344 - INFO - watchfiles.main - 1 change detected
2026-07-01 16:46:58,745 - INFO - watchfiles.main - 1 change detected
2026-07-01 16:46:59,110 - INFO - watchfiles.main - 1 change detected
2026-07-01 16:46:59,513 - INFO - watchfiles.main - 1 change detected
2026-07-01 16:46:59,928 - INFO - watchfiles.main - 1 change detected
2026-07-01 16:47:00,330 - INFO - watchfiles.main - 1 change detected
2026-07-01 16:47:00,795 - INFO - watchfiles.main - 1 change detected
2026-07-01 16:47:01,160 - INFO - watchfiles.main - 1 change detected
2026-07-01 16:47:01,571 - INFO - watchfiles.main - 1 change detected
2026-07-01 16:47:01,983 - INFO - watchfiles.main - 1 change detected
2026-07-01 16:47:02,387 - INFO - watchfiles.main - 1 change detected
2026-07-01 16:47:02,790 - INFO - watchfiles.main - 1 change detected
2026-07-01 16:47:03,192 - INFO - watchfiles.main - 1 change detected
2026-07-01 16:47:03,558 - INFO - watchfiles.main - 1 change detected
2026-07-01 16:47:04,026 - INFO - watchfiles.main - 1 change detected
2026-07-01 16:47:04,438 - INFO - watchfiles.main - 1 change detected
2026-07-01 16:47:04,844 - INFO - watchfiles.main - 1 change detected
2026-07-01 16:47:05,260 - INFO - watchfiles.main - 1 change detected
2026-07-01 16:47:05,672 - INFO - watchfiles.main - 1 change detected
2026-07-01 16:47:06,074 - INFO - watchfiles.main - 1 change detected
2026-07-01 16:47:06,478 - INFO - watchfiles.main - 1 change detected
2026-07-01 16:47:06,888 - INFO - watchfiles.main - 1 change detected
2026-07-01 16:47:07,293 - INFO - watchfiles.main - 1 change detected
2026-07-01 16:47:07,654 - INFO - watchfiles.main - 1 change detected
2026-07-01 16:47:08,061 - INFO - watchfiles.main - 1 change detected
2026-07-01 16:47:08,478 - INFO - watchfiles.main - 1 change detected
2026-07-01 16:47:08,888 - INFO - watchfiles.main - 1 change detected
2026-07-01 16:47:09,304 - INFO - watchfiles.main - 1 change detected
2026-07-01 16:47:09,712 - INFO - watchfiles.main - 1 change detected
2026-07-01 16:47:10,126 - INFO - watchfiles.main - 1 change detected
2026-07-01 16:47:10,532 - INFO - watchfiles.main - 1 change detected
2026-07-01 16:47:10,934 - INFO - watchfiles.main - 1 change detected
2026-07-01 16:47:11,343 - INFO - watchfiles.main - 1 change detected
2026-07-01 16:47:11,760 - INFO - watchfiles.main - 1 change detected
2026-07-01 16:47:12,127 - INFO - watchfiles.main - 1 change detected
2026-07-01 16:47:12,539 - INFO - watchfiles.main - 1 change detected
2026-07-01 16:47:12,954 - INFO - watchfiles.main - 1 change detected
2026-07-01 16:47:13,361 - INFO - watchfiles.main - 1 change detected
2026-07-01 16:47:13,829 - INFO - watchfiles.main - 1 change detected
2026-07-01 16:47:14,180 - INFO - watchfiles.main - 1 change detected
2026-07-01 16:47:14,596 - INFO - watchfiles.main - 1 change detected
2026-07-01 16:47:14,999 - INFO - watchfiles.main - 1 change detected
2026-07-01 16:47:15,461 - INFO - watchfiles.main - 1 change detected
2026-07-01 16:47:15,877 - INFO - watchfiles.main - 1 change detected
2026-07-01 16:47:16,290 - INFO - watchfiles.main - 1 change detected
2026-07-01 16:47:16,693 - INFO - watchfiles.main - 1 change detected
2026-07-01 16:47:17,058 - INFO - watchfiles.main - 1 change detected
2026-07-01 16:47:17,511 - INFO - watchfiles.main - 1 change detected
2026-07-01 16:47:17,922 - INFO - watchfiles.main - 1 change detected
2026-07-01 16:47:18,327 - INFO - watchfiles.main - 1 change detected
2026-07-01 16:47:18,738 - INFO - watchfiles.main - 1 change detected
2026-07-01 16:47:19,154 - INFO - watchfiles.main - 1 change detected
2026-07-01 16:47:19,563 - INFO - watchfiles.main - 1 change detected
2026-07-01 16:47:19,970 - INFO - watchfiles.main - 1 change detected
2026-07-01 16:47:20,377 - INFO - watchfiles.main - 1 change detected
2026-07-01 16:47:20,780 - INFO - watchfiles.main - 1 change detected
2026-07-01 16:47:21,197 - INFO - watchfiles.main - 1 change detected
2026-07-01 16:47:21,560 - INFO - watchfiles.main - 2 changes detected
2026-07-01 16:47:22,046 - INFO - watchfiles.main - 1 change detected
2026-07-01 16:47:22,451 - INFO - watchfiles.main - 1 change detected
2026-07-01 16:47:22,861 - INFO - watchfiles.main - 1 change detected
2026-07-01 16:47:23,275 - INFO - watchfiles.main - 6 changes detected
2026-07-01 16:47:23,682 - INFO - watchfiles.main - 1 change detected
2026-07-01 16:47:24,094 - INFO - watchfiles.main - 1 change detected
2026-07-01 16:47:24,495 - INFO - watchfiles.main - 1 change detected
2026-07-01 16:47:24,905 - INFO - watchfiles.main - 1 change detected
2026-07-01 16:47:25,309 - INFO - watchfiles.main - 1 change detected
2026-07-01 16:47:25,713 - INFO - watchfiles.main - 1 change detected
2026-07-01 16:47:26,073 - INFO - watchfiles.main - 1 change detected
2026-07-01 16:47:26,488 - INFO - watchfiles.main - 1 change detected
2026-07-01 16:47:26,906 - INFO - watchfiles.main - 1 change detected
2026-07-01 16:47:27,312 - INFO - watchfiles.main - 1 change detected
2026-07-01 16:47:27,729 - INFO - watchfiles.main - 1 change detected
2026-07-01 16:47:28,133 - INFO - watchfiles.main - 1 change detected
2026-07-01 16:47:28,543 - INFO - watchfiles.main - 1 change detected
2026-07-01 16:47:28,946 - INFO - watchfiles.main - 1 change detected
2026-07-01 16:47:29,362 - INFO - watchfiles.main - 1 change detected
2026-07-01 16:47:29,774 - INFO - watchfiles.main - 1 change detected
2026-07-01 16:52:28,928 - WARNING - passlib.handlers.bcrypt - (trapped) error reading bcrypt version
Traceback (most recent call last):
  File "C:\Users\124605\judgment-backend\venv\Lib\site-packages\passlib\handlers\bcrypt.py", line 620, in _load_backend_mixin
    version = _bcrypt.__about__.__version__
              ^^^^^^^^^^^^^^^^^
AttributeError: module 'bcrypt' has no attribute '__about__'
2026-07-01 16:57:14,573 - INFO - watchfiles.main - 3 changes detected
2026-07-01 17:04:24,716 - INFO - watchfiles.main - 1 change detected
2026-07-01 17:04:25,896 - INFO - watchfiles.main - 1 change detected
2026-07-01 17:04:26,924 - INFO - watchfiles.main - 1 change detected
2026-07-01 17:04:27,278 - INFO - watchfiles.main - 1 change detected
2026-07-01 17:04:27,691 - INFO - watchfiles.main - 1 change detected
2026-07-01 17:04:28,095 - INFO - watchfiles.main - 1 change detected
2026-07-01 17:04:28,507 - INFO - watchfiles.main - 1 change detected
2026-07-01 17:04:28,911 - INFO - watchfiles.main - 1 change detected
2026-07-01 17:04:29,320 - INFO - watchfiles.main - 1 change detected
2026-07-01 17:12:35,651 - INFO - watchfiles.main - 4 changes detected
2026-07-01 17:12:36,305 - INFO - httpx - HTTP Request: POST http://127.0.0.1:11434/api/chat "HTTP/1.1 404 Not Found"
2026-07-01 17:12:37,768 - INFO - watchfiles.main - 1 change detected
2026-07-01 17:25:08,204 - INFO - watchfiles.main - 4 changes detected
2026-07-01 17:25:47,396 - INFO - httpx - HTTP Request: POST http://127.0.0.1:11434/api/chat "HTTP/1.1 200 OK"
2026-07-01 17:26:12,758 - INFO - watchfiles.main - 4 changes detected
2026-07-01 17:26:12,914 - INFO - httpx - HTTP Request: POST http://127.0.0.1:11434/api/embed "HTTP/1.1 404 Not Found"
2026-07-01 17:26:13,122 - INFO - watchfiles.main - 10 changes detected
2026-07-01 17:26:13,475 - INFO - watchfiles.main - 1 change detected
2026-07-01 17:26:14,003 - INFO - httpx - HTTP Request: POST http://127.0.0.1:11434/api/chat "HTTP/1.1 200 OK"
2026-07-01 17:26:40,508 - INFO - httpx - HTTP Request: POST http://127.0.0.1:11434/api/embed "HTTP/1.1 404 Not Found"
2026-07-01 17:26:40,589 - INFO - watchfiles.main - 3 changes detected
2026-07-01 17:39:01,430 - INFO - watchfiles.main - 1 change detected
2026-07-01 17:42:35,718 - INFO - watchfiles.main - 4 changes detected
2026-07-01 17:43:22,930 - INFO - httpx - HTTP Request: POST http://127.0.0.1:11434/api/chat "HTTP/1.1 200 OK"
2026-07-01 17:44:26,336 - INFO - httpx - HTTP Request: POST http://127.0.0.1:11434/api/embed "HTTP/1.1 404 Not Found"
2026-07-01 17:44:26,379 - INFO - watchfiles.main - 4 changes detected
2026-07-01 17:44:28,558 - INFO - watchfiles.main - 1 change detected
2026-07-01 17:49:33,503 - INFO - watchfiles.main - 4 changes detected
2026-07-01 17:50:20,136 - INFO - httpx - HTTP Request: POST http://127.0.0.1:11434/api/chat "HTTP/1.1 200 OK"
2026-07-01 17:51:23,410 - INFO - watchfiles.main - 3 changes detected
2026-07-01 17:51:23,766 - INFO - watchfiles.main - 4 changes detected
2026-07-01 17:51:26,777 - INFO - watchfiles.main - 1 change detected
2026-07-01 17:51:28,029 - INFO - httpx - HTTP Request: POST http://127.0.0.1:11434/api/embed "HTTP/1.1 200 OK"
2026-07-01 17:51:28,243 - INFO - watchfiles.main - 12 changes detected
2026-07-01 17:51:28,608 - INFO - watchfiles.main - 1 change detected
2026-07-02 09:51:53,327 - INFO - watchfiles.main - 3 changes detected
2026-07-02 09:52:38,047 - INFO - watchfiles.main - 6 changes detected
2026-07-02 09:52:39,479 - INFO - httpx - HTTP Request: POST http://127.0.0.1:11434/api/embed "HTTP/1.1 200 OK"
2026-07-02 09:52:39,571 - INFO - watchfiles.main - 4 changes detected
2026-07-02 09:53:31,032 - INFO - httpx - HTTP Request: POST http://127.0.0.1:11434/api/chat "HTTP/1.1 200 OK"
2026-07-02 09:53:32,875 - INFO - watchfiles.main - 3 changes detected
2026-07-02 09:56:20,552 - INFO - watchfiles.main - 1 change detected
2026-07-02 09:57:40,748 - INFO - httpx - HTTP Request: POST http://127.0.0.1:11434/api/chat "HTTP/1.1 200 OK"
2026-07-02 09:58:54,709 - INFO - httpx - HTTP Request: POST http://127.0.0.1:11434/api/chat "HTTP/1.1 200 OK"
2026-07-02 10:07:11,246 - INFO - watchfiles.main - 1 change detected
2026-07-02 10:07:12,211 - INFO - watchfiles.main - 1 change detected
2026-07-02 10:08:18,729 - INFO - watchfiles.main - 1 change detected
2026-07-02 10:12:38,032 - INFO - watchfiles.main - 1 change detected
2026-07-02 10:32:30,164 - INFO - watchfiles.main - 1 change detected
2026-07-02 10:32:31,332 - INFO - watchfiles.main - 1 change detected
2026-07-02 10:32:32,393 - INFO - watchfiles.main - 1 change detected
2026-07-02 10:32:32,747 - INFO - watchfiles.main - 1 change detected
2026-07-02 10:32:33,159 - INFO - watchfiles.main - 1 change detected
2026-07-02 10:32:33,568 - INFO - watchfiles.main - 1 change detected
2026-07-02 10:32:33,982 - INFO - watchfiles.main - 1 change detected
2026-07-02 10:32:34,383 - INFO - watchfiles.main - 1 change detected
2026-07-02 10:32:34,749 - INFO - watchfiles.main - 1 change detected
2026-07-02 10:32:35,159 - INFO - watchfiles.main - 1 change detected
2026-07-02 10:32:35,575 - INFO - watchfiles.main - 1 change detected
2026-07-02 10:32:35,978 - INFO - watchfiles.main - 1 change detected
2026-07-02 10:32:36,383 - INFO - watchfiles.main - 1 change detected
2026-07-02 10:32:36,789 - INFO - watchfiles.main - 1 change detected
2026-07-02 10:32:37,201 - INFO - watchfiles.main - 1 change detected
2026-07-02 10:32:37,602 - INFO - watchfiles.main - 1 change detected
2026-07-02 10:32:38,014 - INFO - watchfiles.main - 1 change detected
2026-07-02 10:32:38,430 - INFO - watchfiles.main - 1 change detected
2026-07-02 10:32:38,863 - INFO - watchfiles.main - 1 change detected
2026-07-02 10:32:39,279 - INFO - watchfiles.main - 1 change detected
2026-07-02 10:32:39,732 - INFO - watchfiles.main - 1 change detected
2026-07-02 10:32:40,134 - INFO - watchfiles.main - 1 change detected
2026-07-02 10:32:40,497 - INFO - watchfiles.main - 1 change detected
2026-07-02 10:32:40,958 - INFO - watchfiles.main - 1 change detected
2026-07-02 10:32:41,324 - INFO - watchfiles.main - 1 change detected
2026-07-02 10:45:32,992 - INFO - watchfiles.main - 1 change detected
2026-07-02 10:45:34,132 - INFO - watchfiles.main - 1 change detected
2026-07-02 10:45:35,190 - INFO - watchfiles.main - 1 change detected
2026-07-02 10:45:35,546 - INFO - watchfiles.main - 1 change detected
2026-07-02 10:45:35,961 - INFO - watchfiles.main - 6 changes detected
2026-07-02 10:50:06,855 - INFO - watchfiles.main - 1 change detected
2026-07-02 10:50:08,200 - INFO - watchfiles.main - 1 change detected
2026-07-02 10:50:09,117 - INFO - watchfiles.main - 1 change detected
2026-07-02 11:37:47,829 - INFO - watchfiles.main - 1 change detected
2026-07-02 11:37:50,123 - INFO - watchfiles.main - 2 changes detected
2026-07-02 11:37:50,686 - INFO - watchfiles.main - 1 change detected
2026-07-02 11:38:46,554 - INFO - watchfiles.main - 1 change detected
2026-07-02 11:38:47,265 - INFO - watchfiles.main - 1 change detected
2026-07-02 11:38:55,390 - INFO - watchfiles.main - 1 change detected
2026-07-02 11:38:57,410 - INFO - watchfiles.main - 2 changes detected
2026-07-02 11:38:57,770 - INFO - watchfiles.main - 1 change detected
2026-07-02 11:38:58,130 - INFO - watchfiles.main - 1 change detected
2026-07-02 11:38:58,485 - INFO - watchfiles.main - 1 change detected
2026-07-02 11:38:58,848 - INFO - watchfiles.main - 1 change detected
2026-07-02 11:38:59,201 - INFO - watchfiles.main - 1 change detected
2026-07-02 11:38:59,772 - INFO - watchfiles.main - 2 changes detected
2026-07-02 11:39:04,216 - INFO - watchfiles.main - 1 change detected
2026-07-02 11:39:25,018 - INFO - watchfiles.main - 1 change detected
2026-07-02 11:39:25,420 - INFO - watchfiles.main - 1 change detected
2026-07-02 11:39:35,974 - INFO - watchfiles.main - 1 change detected
2026-07-02 11:39:36,491 - INFO - watchfiles.main - 1 change detected
2026-07-02 11:39:47,816 - INFO - watchfiles.main - 1 change detected
2026-07-02 11:39:49,067 - INFO - watchfiles.main - 1 change detected
2026-07-02 11:39:50,076 - INFO - watchfiles.main - 1 change detected
2026-07-02 11:39:50,433 - INFO - watchfiles.main - 1 change detected
2026-07-02 12:24:58,604 - INFO - watchfiles.main - 1 change detected
2026-07-02 12:24:59,918 - INFO - watchfiles.main - 1 change detected
2026-07-02 12:25:00,879 - INFO - watchfiles.main - 1 change detected
2026-07-02 12:25:01,239 - INFO - watchfiles.main - 1 change detected
2026-07-02 12:25:01,644 - INFO - watchfiles.main - 1 change detected
2026-07-02 12:25:02,006 - INFO - watchfiles.main - 1 change detected
2026-07-02 12:25:02,416 - INFO - watchfiles.main - 1 change detected
2026-07-02 12:25:02,870 - INFO - watchfiles.main - 1 change detected
2026-07-02 12:25:03,226 - INFO - watchfiles.main - 1 change detected
2026-07-02 12:25:03,640 - INFO - watchfiles.main - 1 change detected
2026-07-02 12:25:04,041 - INFO - watchfiles.main - 6 changes detected
2026-07-02 12:25:04,455 - INFO - watchfiles.main - 1 change detected
2026-07-02 12:25:04,858 - INFO - watchfiles.main - 1 change detected
2026-07-02 12:25:05,273 - INFO - watchfiles.main - 1 change detected
2026-07-02 12:25:05,688 - INFO - watchfiles.main - 1 change detected
2026-07-02 12:25:06,149 - INFO - watchfiles.main - 1 change detected
2026-07-02 12:25:06,556 - INFO - watchfiles.main - 1 change detected
2026-07-02 12:25:06,971 - INFO - watchfiles.main - 1 change detected
2026-07-02 12:25:07,337 - INFO - watchfiles.main - 1 change detected
2026-07-02 12:25:07,790 - INFO - watchfiles.main - 1 change detected
2026-07-02 12:25:08,247 - INFO - watchfiles.main - 1 change detected
2026-07-02 12:25:08,654 - INFO - watchfiles.main - 1 change detected
2026-07-02 12:25:09,072 - INFO - watchfiles.main - 1 change detected
2026-07-02 12:25:09,489 - INFO - watchfiles.main - 1 change detected
2026-07-02 12:25:09,890 - INFO - watchfiles.main - 1 change detected
2026-07-02 12:25:10,257 - INFO - watchfiles.main - 1 change detected
2026-07-02 12:25:10,660 - INFO - watchfiles.main - 1 change detected
2026-07-02 12:25:11,065 - INFO - watchfiles.main - 1 change detected
2026-07-02 12:28:05,559 - INFO - watchfiles.main - 1 change detected
2026-07-02 12:28:07,625 - INFO - watchfiles.main - 2 changes detected
2026-07-02 12:28:07,990 - INFO - watchfiles.main - 1 change detected
2026-07-02 12:28:08,352 - INFO - watchfiles.main - 1 change detected
2026-07-02 12:28:08,709 - INFO - watchfiles.main - 1 change detected
2026-07-02 12:28:09,075 - INFO - watchfiles.main - 1 change detected
2026-07-02 12:28:09,443 - INFO - watchfiles.main - 1 change detected
2026-07-02 12:28:09,806 - INFO - watchfiles.main - 2 changes detected
2026-07-02 12:28:13,574 - INFO - watchfiles.main - 1 change detected
2026-07-02 12:28:36,197 - INFO - watchfiles.main - 1 change detected
2026-07-02 12:28:37,725 - INFO - watchfiles.main - 1 change detected
2026-07-02 12:28:38,489 - INFO - watchfiles.main - 1 change detected
2026-07-02 12:28:38,843 - INFO - watchfiles.main - 1 change detected
2026-07-02 12:28:39,208 - INFO - watchfiles.main - 1 change detected
2026-07-02 12:28:39,618 - INFO - watchfiles.main - 1 change detected
2026-07-02 12:28:40,021 - INFO - watchfiles.main - 1 change detected
2026-07-02 12:28:40,387 - INFO - watchfiles.main - 1 change detected
2026-07-02 12:28:40,799 - INFO - watchfiles.main - 1 change detected
2026-07-02 17:06:49,049 - INFO - watchfiles.main - 1 change detected
2026-07-02 17:06:51,190 - INFO - watchfiles.main - 1 change detected
2026-07-02 17:06:51,558 - INFO - watchfiles.main - 1 change detected
2026-07-02 17:06:51,916 - INFO - watchfiles.main - 6 changes detected
2026-07-02 17:06:52,271 - INFO - watchfiles.main - 1 change detected
2026-07-02 17:06:52,624 - INFO - watchfiles.main - 1 change detected
2026-07-02 17:06:52,991 - INFO - watchfiles.main - 1 change detected
2026-07-02 17:06:53,356 - INFO - watchfiles.main - 1 change detected
